C51 COMPILER V9.54   BEEP                                                                  01/22/2021 20:13:34 PAGE 1   


C51 COMPILER V9.54, COMPILATION OF MODULE BEEP
OBJECT MODULE PLACED IN beep.OBJ
COMPILER INVOKED BY: D:\Program Files (x86)\keil5\C51\BIN\C51.exe beep.c

line level    source

   1          
   2          #include "beep.h"
   3          void beepRing(uint frequency)
   4          {
   5   1          beep = 1;
   6   1          delay_ms(frequency);
   7   1          beep = 0;
   8   1          delay_ms(frequency);
   9   1      }
  10          
  11          void beepStop()
  12          {
  13   1          beep = 1;
  14   1      }


MODULE INFORMATION:   STATIC OVERLAYABLE
   CODE SIZE        =     21    ----
   CONSTANT SIZE    =   ----    ----
   XDATA SIZE       =   ----    ----
   PDATA SIZE       =   ----    ----
   DATA SIZE        =   ----       2
   IDATA SIZE       =   ----    ----
   BIT SIZE         =   ----    ----
END OF MODULE INFORMATION.


C51 COMPILATION COMPLETE.  0 WARNING(S),  0 ERROR(S)
