C51 COMPILER V9.54   LCD1602                                                               01/22/2021 20:13:35 PAGE 1   


C51 COMPILER V9.54, COMPILATION OF MODULE LCD1602
OBJECT MODULE PLACED IN lcd1602.OBJ
COMPILER INVOKED BY: D:\Program Files (x86)\keil5\C51\BIN\C51.exe lcd1602.c

line level    source

   1          #include "lcd1602.h"
   2          
   3          //写入命令或数据
   4          void lcd1602Write(uchar byte, uchar sign)
   5          {
   6   1              RS = sign;
   7   1              RW = 0; 
   8   1              LCDEN = 0; 
   9   1              GPIO_LCD1602 = byte;
  10   1              LCDEN = 1;
  11   1              delay_ms(5);
  12   1              LCDEN = 0; 
  13   1      }
  14          
  15          
  16          //初始化
  17          void lcd1602Init()
  18          {
  19   1              lcd1602Write(0x38, LCD_WRITE_COM); //lcd显示设置
  20   1              lcd1602Write(0x08, LCD_WRITE_COM);      //显示关闭
  21   1              lcd1602Write(0x01, LCD_WRITE_COM);      //清屏
  22   1              lcd1602Write(0x06, LCD_WRITE_COM);      //显示光标移动设置
  23   1              lcd1602Write(0x0f, LCD_WRITE_COM);      //光标闪烁
  24   1      }
  25          
  26          
  27          //显示一个字符串
  28          void lcd1602DisplayString(uchar row, uchar column, uchar *str)
  29          {
  30   1              if((column > 15) || (row > 1))
  31   1              {
  32   2                      return ;
  33   2              }
  34   1              if(0 == row)
  35   1              {
  36   2                      lcd1602Write(0x80 + column, LCD_WRITE_COM);
  37   2              }
  38   1              else
  39   1              {
  40   2                      lcd1602Write(0x80 + 0x40 + column, LCD_WRITE_COM);
  41   2              }
  42   1              while(*str != '\0')
  43   1              {
  44   2                      lcd1602Write(*str, LCD_WRITE_DATA);
  45   2                      str++;
  46   2              } 
  47   1      }
  48          
  49          
  50          //显示一个字符
  51          void lcd1602DisplayChar(uchar row, uchar column, uchar ch)
  52          {
  53   1              if((column > 15) || (row > 1))
  54   1              {
  55   2                        return ;
C51 COMPILER V9.54   LCD1602                                                               01/22/2021 20:13:35 PAGE 2   

  56   2              }
  57   1              if(0 == row)
  58   1              {
  59   2                      lcd1602Write(0x80 + column, LCD_WRITE_COM);
  60   2              }
  61   1              else
  62   1              {
  63   2                      lcd1602Write(0x80 + 0x40 + column, LCD_WRITE_COM);
  64   2              }
  65   1               lcd1602Write(ch, LCD_WRITE_DATA);
  66   1      }
  67          
  68          
  69          //清屏
  70          void lcd1602Clear()  
  71          { 
  72   1              lcd1602Write(0x01, LCD_WRITE_COM);
  73   1              delay_ms(5);
  74   1       }
  75          
  76          


MODULE INFORMATION:   STATIC OVERLAYABLE
   CODE SIZE        =    185    ----
   CONSTANT SIZE    =   ----    ----
   XDATA SIZE       =   ----    ----
   PDATA SIZE       =   ----    ----
   DATA SIZE        =   ----       6
   IDATA SIZE       =   ----    ----
   BIT SIZE         =   ----    ----
END OF MODULE INFORMATION.


C51 COMPILATION COMPLETE.  0 WARNING(S),  0 ERROR(S)
