C51 COMPILER V9.54   MAIN                                                                  01/22/2021 20:29:47 PAGE 1   


C51 COMPILER V9.54, COMPILATION OF MODULE MAIN
OBJECT MODULE PLACED IN main.OBJ
COMPILER INVOKED BY: D:\Program Files (x86)\keil5\C51\BIN\C51.exe main.c

line level    source

   1          #include "ds18b20.h"
   2          #include "lcd12864.h"
   3          
   4          
   5          void main()
   6          {
   7   1          uint temperature = 0;
   8   1          lcd12864Init();
   9   1      
  10   1          while (1)
  11   1          {
  12   2              while(1)
  13   2              {
  14   3                              temperature = get_temp();
  15   3                              Display(temperature);           
  16   3              }
  17   2          }
  18   1      }


MODULE INFORMATION:   STATIC OVERLAYABLE
   CODE SIZE        =     20    ----
   CONSTANT SIZE    =   ----    ----
   XDATA SIZE       =   ----    ----
   PDATA SIZE       =   ----    ----
   DATA SIZE        =   ----       2
   IDATA SIZE       =   ----    ----
   BIT SIZE         =   ----    ----
END OF MODULE INFORMATION.


C51 COMPILATION COMPLETE.  0 WARNING(S),  0 ERROR(S)
