C51 COMPILER V9.54   MOTOR                                                                 01/22/2021 20:29:47 PAGE 1   


C51 COMPILER V9.54, COMPILATION OF MODULE MOTOR
OBJECT MODULE PLACED IN motor.OBJ
COMPILER INVOKED BY: D:\Program Files (x86)\keil5\C51\BIN\C51.exe motor.c

line level    source

   1          // #include "motor.h"
   2          
   3          // uchar idata dis_BJ[] = {0x01, 0x02, 0x04, 0x08, 0x08, 0x04, 0x02, 0x01};
   4          
   5          // //顺时针转动
   6          // void MotorCW(void)
   7          // {
   8          //      uchar i;
   9          //      for(i = 0; i < 4; i++)
  10          //      {
  11          //              GPIO_MOTOR = (GPIO_MOTOR & 0xf0) | dis_BJ[i];
  12          //              delay_ms(3);//转速调节
  13          //      }
  14          // }
  15          
  16          // //逆时针转动
  17          // void MotorCCW(void)
  18          // {
  19          //      uchar i;
  20          //      for(i = 4; i < 8; i++)
  21          //      {
  22          //              GPIO_MOTOR = (GPIO_MOTOR & 0xf0) | dis_BJ[i];
  23          //              delay_ms(3);//转速调节
  24          //      }
  25          // }
  26          
  27          // //停止转动
  28          // void MotorStop(void)
  29          // {
  30          //      GPIO_MOTOR &= 0xf0;
  31          // }
  32          
  33          
  34          


MODULE INFORMATION:   STATIC OVERLAYABLE
   CODE SIZE        =   ----    ----
   CONSTANT SIZE    =   ----    ----
   XDATA SIZE       =   ----    ----
   PDATA SIZE       =   ----    ----
   DATA SIZE        =   ----    ----
   IDATA SIZE       =   ----    ----
   BIT SIZE         =   ----    ----
END OF MODULE INFORMATION.


C51 COMPILATION COMPLETE.  0 WARNING(S),  0 ERROR(S)
