C51 COMPILER V9.54   SR04                                                                  01/22/2021 20:29:48 PAGE 1   


C51 COMPILER V9.54, COMPILATION OF MODULE SR04
OBJECT MODULE PLACED IN sr04.OBJ
COMPILER INVOKED BY: D:\Program Files (x86)\keil5\C51\BIN\C51.exe sr04.c

line level    source

   1          #include "SR04.h"
   2          #include "lcd12864.h"
   3          
   4          
   5          //声明全局变量
   6          bit FLAG_SR04 = 0;
   7          //引脚定义
   8          sbit Echo = P2 ^ 6;
   9          sbit Trig = P2 ^ 7;
  10          
  11          uint measuretime = 0;
  12          unsigned long S = 0;
  13          
  14          //启动SR04模块
  15          void sr04Start()
  16          {
  17   1              Trig = 1; //20us的高电平
  18   1              delay_us(20);
  19   1              Trig = 0;
  20   1              while (!Echo)
  21   1                      ;        //当Echo为零时等待
  22   1              TR1 = 1; //开启计时
  23   1              while (Echo && (!FLAG_SR04))
  24   1                      ; //当Echo为1计数并等待
  25   1              TR1 = 0;
  26   1      }
  27          
  28          //计算距离
  29          unsigned long sr04Conut()
  30          {
  31   1              measuretime = TH1 * 256 + TL1;
  32   1              TH1 = 0;
  33   1              TL1 = 0;
  34   1              return S = (measuretime * 1.7) / 100; //算出来是CM    11。0592M晶振
  35   1      }
  36          
  37          void sr04Display(uchar row, uchar column, unsigned long s)
  38          {
  39   1              if ((s >= 700) || (FLAG_SR04 == 1)) //超出测量
  40   1              {
  41   2                      FLAG_SR04 = 0;
  42   2                      lcd12864SetPos(row, column);
  43   2                      lcd12864WriteNum(13);
  44   2                      lcd12864WriteNum(12);
  45   2                      lcd12864WriteNum(13);
  46   2                      lcd12864WriteNum(13);
  47   2              }
  48   1              else
  49   1              {
  50   2                      lcd12864SetPos(row, column);
  51   2                      lcd12864WriteChar(s % 1000 / 100 + '0');
  52   2                      lcd12864WriteNum(12);
  53   2                      lcd12864WriteChar(s % 1000 % 100 / 10 + '0');
  54   2                      lcd12864WriteChar(s % 1000 % 10 % 10 + '0');
  55   2              }
C51 COMPILER V9.54   SR04                                                                  01/22/2021 20:29:48 PAGE 2   

  56   1      }


MODULE INFORMATION:   STATIC OVERLAYABLE
   CODE SIZE        =    314    ----
   CONSTANT SIZE    =   ----    ----
   XDATA SIZE       =   ----    ----
   PDATA SIZE       =   ----    ----
   DATA SIZE        =      6       6
   IDATA SIZE       =   ----    ----
   BIT SIZE         =      1    ----
END OF MODULE INFORMATION.


C51 COMPILATION COMPLETE.  0 WARNING(S),  0 ERROR(S)
