C51 COMPILER V9.54   SYN6288                                                               01/22/2021 20:13:35 PAGE 1   


C51 COMPILER V9.54, COMPILATION OF MODULE SYN6288
OBJECT MODULE PLACED IN syn6288.OBJ
COMPILER INVOKED BY: D:\Program Files (x86)\keil5\C51\BIN\C51.exe syn6288.c

line level    source

   1          #include "syn6288.h"
   2          #include "usart.h"
   3          //RXD接端口P1^3,TXD接端口P1^2
   4          uchar nBkm = 0x00;
   5          //*****************************************************
   6          #define HEADLEN       5  //数据包头的长度
   7          #define BKM_OFFSET    4  //背景音乐命令偏移
   8          #define LEN_OFFSET    2  //长度字节的偏移量（一般不会超过255字节，因此只使用1字节
             -长度）
   9          #define BKM_MAX      15  //背景音乐数量
  10          
  11          //*****************************************************
  12          
  13          //数据包头（0xFD + 2字节长度 + 1字节命令字 + 1字节命令参数)
  14          uchar head[HEADLEN] = {0xfd,0x00,0x00,0x01,0x00};
  15          
  16          //****************************************************
  17          
  18          
  19          
  20          
  21                  
  22          
  23          
  24          
  25          
  26          //背景音乐(参数为0表示关闭背景音乐)
  27          void BkMusic(uchar num)
  28          {
  29   1              num %= BKM_MAX + 1;
  30   1              nBkm = num;
  31   1      }
  32          
  33          //发声程序
  34          void Speech(uchar *buf)
  35          {
  36   1              uchar i = 0;          //循环计数变量
  37   1              uchar xor = 0x00;     //校验码初始化
  38   1              uchar ch = 0x00;
  39   1          uchar len = 0x00;
  40   1      
  41   1          while(buf[len++]);
  42   1      
  43   1              //发送数据包头(0xFD + 2字节长度 + 1字节命令字 + 1字节命令参数)
  44   1              for(i = 0; i < HEADLEN; i++)
  45   1              {
  46   2                      if(i == BKM_OFFSET)
  47   2                              ch = nBkm << 3; //写入背景音乐
  48   2                      else if(i == LEN_OFFSET)
  49   2                              ch = len + 3;
  50   2                      else
  51   2                              ch = head[i];
  52   2                      
  53   2                      xor ^= ch;
  54   2                      SendChar(ch);
C51 COMPILER V9.54   SYN6288                                                               01/22/2021 20:13:35 PAGE 2   

  55   2                      delay_ms(1);
  56   2              }
  57   1      
  58   1              //发送文字内容
  59   1              for(i = 0; i < len; i++)
  60   1              {
  61   2                      xor ^= buf[i];
  62   2                      SendChar(buf[i]);
  63   2                      delay_ms(1);
  64   2              }
  65   1      
  66   1              SendChar(xor);         //发送校验位
  67   1      
  68   1              delay_ms(50);
  69   1              //while(BUSY);         //等待合成结束
  70   1              delay_ms(50);
  71   1      
  72   1      }
  73          


MODULE INFORMATION:   STATIC OVERLAYABLE
   CODE SIZE        =    166    ----
   CONSTANT SIZE    =   ----    ----
   XDATA SIZE       =   ----    ----
   PDATA SIZE       =   ----    ----
   DATA SIZE        =      6       7
   IDATA SIZE       =   ----    ----
   BIT SIZE         =   ----    ----
END OF MODULE INFORMATION.


C51 COMPILATION COMPLETE.  0 WARNING(S),  0 ERROR(S)
