C51 COMPILER V9.54   TIME                                                                  01/22/2021 20:13:35 PAGE 1   


C51 COMPILER V9.54, COMPILATION OF MODULE TIME
OBJECT MODULE PLACED IN time.OBJ
COMPILER INVOKED BY: D:\Program Files (x86)\keil5\C51\BIN\C51.exe time.c

line level    source

   1          #include "time.h"
   2          /*计时时间*/
   3          //计时50ms：设置为3cB0;
   4          //计时10ms：设置为D8F0;
   5          //计时2ms：设置为F830;
   6          //计时1ms：设置为FC18;
   7          //计时500us：设置为FE0C；
   8          //计时50us：设置为FFCE；
   9          //计时10us：设置为FFF6；
  10          
  11          /*------------------------------------------------
  12                              定时器初始化子程序
  13          ------------------------------------------------*/
  14          void timer0Init()
  15          {
  16   1          TMOD |= 0x02;
  17   1          TH0 = 156; //计时50ms
  18   1          TL0 = 156;
  19   1      
  20   1          EA = 1;
  21   1          ET0 = 1;
  22   1          TR0 = 1;
  23   1      }
  24          
  25          void timer1Init()
  26          {
  27   1          TMOD |= 0x10;
  28   1          TH1 = 0x3C;
  29   1          TL1 = 0xB0;
  30   1      
  31   1          EA = 1;
  32   1          ET1 = 1;
  33   1          TR1 = 1;
  34   1      }
  35          
  36          void timerInit()
  37          {
  38   1          TMOD = 0X11;
  39   1          TH0 = 0x3C; //计时50ms
  40   1          TL0 = 0xB0;
  41   1          TH1 = 0x3C;
  42   1          TL1 = 0xB0;
  43   1          TR0 = 1;
  44   1          TR1 = 0;
  45   1          ET0 = ET1 = 1;
  46   1          EA = 1;
  47   1      }
  48          
  49          void externalInit()
  50          {
  51   1          EA = 1;
  52   1          EX0 = 1;
  53   1          IT0 = 1;
  54   1      }
  55          
C51 COMPILER V9.54   TIME                                                                  01/22/2021 20:13:35 PAGE 2   

  56          /*------------------------------------------------
  57                           定时器中断子程序
  58          ------------------------------------------------*/
  59          /*定时器0*/
  60          //void Timer0Interrupt() interrupt 1
  61          //{
  62          //    TH0 = 0x3C;
  63          //    TL0 = 0xB0;
  64          //    //TODO
  65          //}
  66          
  67          /*定时器1*/
  68          //void Timer1Interrupt(void) interrupt 3
  69          //{
  70          //    TH1 = 0x3C;
  71          //    TL1 = 0xB0;
  72          //    //TODO
  73          //}


MODULE INFORMATION:   STATIC OVERLAYABLE
   CODE SIZE        =     65    ----
   CONSTANT SIZE    =   ----    ----
   XDATA SIZE       =   ----    ----
   PDATA SIZE       =   ----    ----
   DATA SIZE        =   ----    ----
   IDATA SIZE       =   ----    ----
   BIT SIZE         =   ----    ----
END OF MODULE INFORMATION.


C51 COMPILATION COMPLETE.  0 WARNING(S),  0 ERROR(S)
