C51 COMPILER V9.54   USART                                                                 01/22/2021 20:29:48 PAGE 1   


C51 COMPILER V9.54, COMPILATION OF MODULE USART
OBJECT MODULE PLACED IN usart.OBJ
COMPILER INVOKED BY: D:\Program Files (x86)\keil5\C51\BIN\C51.exe usart.c

line level    source

   1          #include "usart.h"
   2          
   3          void usartInit()
   4          {
   5   1          SCON = 0x50;
   6   1          TMOD = 0x20; //设置定时器 1 为模式 2
   7   1          PCON = 0x00;
   8   1          TH1 = 0xfd; //装初值设定波特率
   9   1          TL1 = 0xfd;
  10   1          TR1 = 1; //启动定时器
  11   1          EA = 1;  //开总中断
  12   1          ES = 1;  //开串中断
  13   1      }
  14          
  15          void uart2Init() //COM2初始化///
  16          {
  17   1          S2CON = 0x50;
  18   1          BRT = 0XFD;
  19   1          AUXR = 0x11;
  20   1          IE2 = 0x01;
  21   1          EA = 1;
  22   1      }
  23          
  24          void usartWriteByte(uchar dat)
  25          {
  26   1          ES = 0;
  27   1          SBUF = dat;
  28   1          while (TI == 0)
  29   1              ;
  30   1          TI = 0;
  31   1          ES = 1;
  32   1      }
  33          
  34          void usartWriteString(uchar *str)
  35          {
  36   1          while (*str != '\0')
  37   1          {
  38   2              usartWriteByte(*str++);
  39   2          }
  40   1      }
  41          
  42          void UART_Init(void)
  43          {
  44   1              AUXR &= 0xF7;           //波特率不倍速
  45   1              S2CON = 0x50;           //8位数据,可变波特率
  46   1              AUXR &= 0xFB;           //独立波特率发生器时钟为Fosc/12,即12T
  47   1              BRT = 0xFD;                     //设定独立波特率发生器重装值
  48   1              AUXR |= 0x10;           //启动独立波特率发生器
  49   1              ES = 1;                         //也可以用IE2 |= 0X01，不过下面读取也需要全部用IE2
  50   1              EA = 1;
  51   1      }
  52          
  53          void SendChar(uchar DAT)
  54          {
  55   1              ES = 0;                 //IE2 &= 0Xfe;
C51 COMPILER V9.54   USART                                                                 01/22/2021 20:29:48 PAGE 2   

  56   1              S2BUF = DAT;
  57   1              while((S2CON & 0X02) == 0);
  58   1              S2CON &= ~0X02;
  59   1              ES = 1;                 //IE2 |= 0X01;
  60   1      }


MODULE INFORMATION:   STATIC OVERLAYABLE
   CODE SIZE        =    121    ----
   CONSTANT SIZE    =   ----    ----
   XDATA SIZE       =   ----    ----
   PDATA SIZE       =   ----    ----
   DATA SIZE        =   ----       3
   IDATA SIZE       =   ----    ----
   BIT SIZE         =   ----    ----
END OF MODULE INFORMATION.


C51 COMPILATION COMPLETE.  0 WARNING(S),  0 ERROR(S)
